[2026-04-28 10:25:37] SISTEMA: [INFO] @Fabricio entrou no chat
[2026-04-28 10:26:13] SISTEMA: [INFO] @Giovani entrou no chat
[2026-04-28 10:26:57] Fabricio:  Olá blz
[2026-04-28 10:27:16] Giovani: 
[2026-04-28 10:27:18] Giovani: Ola
[2026-04-28 10:27:51] Fabricio: 
[2026-04-28 10:27:51] Fabricio: 
[2026-04-28 10:27:54] Fabricio: msg Giovani esta é uma mensagem secreta
[2026-04-28 10:30:17] Giovani: 
[2026-04-28 10:30:52] Fabricio: Alguém ainda na Geral?
[2026-04-28 10:31:34] Fabricio: Trabalhando no código aqui...
[2026-04-30 18:03:46] SISTEMA: [33m[INFO] @Anonimo saiu do servidor.
[0m
[2026-04-30 18:04:34] SISTEMA: [36m[INFO] @joao entrou no chat[0m
[2026-04-30 18:06:03] SISTEMA: [36m[INFO] @andi entrou no chat[0m
[2026-04-30 18:06:48] joao: @joao: /joao, ...

[2026-04-30 18:06:55] joao: @joao: fala

[2026-04-30 18:07:00] joao: @joao: sa

[2026-04-30 18:09:00] SISTEMA: [36m[INFO] @fabricio entrou no chat[0m
[2026-04-30 18:10:16] joao: @joao: jd

[2026-04-30 18:10:18] joao: @joao: ddfjfd

[2026-04-30 18:10:20] joao: @joao: jdfbf 

[2026-04-30 18:10:21] joao: @joao: sdbf

[2026-04-30 18:10:22] joao: @joao: sdb´d

[2026-04-30 18:11:34] fabricio: @fabricio: ool

[2026-04-30 18:11:49] joao: @joao: diga

[2026-04-30 18:12:20] andi: @andi: fala ae galera

[2026-04-30 18:13:06] andi: @andi: ei

[2026-04-30 18:13:09] andi: @andi: eee

[2026-04-30 18:13:10] andi: @andi: eee

[2026-04-30 18:13:21] fabricio: @fabricio: nao

[2026-04-30 18:13:24] fabricio: @fabricio: asja

[2026-04-30 18:42:34] andi: @andi: nc 127.0.0.1 8996

[2026-04-30 21:19:28] SISTEMA: [36m[INFO] @test entrou no chat[0m
[2026-04-30 21:21:02] SISTEMA: [36m[INFO] @test12 entrou no chat[0m
[2026-04-30 21:24:12] SISTEMA: [36m[INFO] @fabricio entrou no chat[0m
[2026-04-30 21:28:01] fabricio: ola
[2026-04-30 21:34:09] test12: ola
[2026-04-30 21:34:23] test12: jdj
[2026-04-30 21:34:57] test: dscds
[2026-04-30 21:35:16] test: ol
[2026-04-30 21:35:27] test12: OPA
[2026-04-30 21:36:05] SISTEMA: [36m[INFO] @tes entrou no chat[0m
[2026-04-30 21:36:17] tes: opa
[2026-04-30 21:36:56] test12: ola
[2026-04-30 21:37:00] tes: ola
[2026-04-30 21:46:39] SISTEMA: [33m[INFO] @test12 saiu do servidor.
[0m
[2026-04-30 21:47:31] SISTEMA: [33m[INFO] @test saiu do servidor.
[0m
[2026-04-30 23:12:56] fabricio: ola
[2026-04-30 23:13:09] tes: alguem
[2026-04-30 23:13:36] fabricio: oi
[2026-04-30 23:13:47] tes: leave
[2026-04-30 23:13:53] tes: ola
[2026-04-30 23:13:55] tes: oi
[2026-04-30 23:14:15] fabricio: oi
[2026-04-30 23:14:21] tes: ola
[2026-04-30 23:14:25] tes: fabrico
[2026-04-30 23:14:29] tes: @fabricio
[2026-04-30 23:14:43] SISTEMA: [33m[INFO] @fabricio saiu do servidor.
[0m
[2026-04-30 23:14:57] SISTEMA: [33m[INFO] @tes saiu do servidor.
[0m
